Starting conversion...
Analyzing schema constraints from FK Map...
Reading data sheets with dynamic header detection...
Inferred PK for 'sales_sku': regulatory_set_id
Inferred PK for 'purchase_sku': rm_id
Inferred PK for 'order_line_items': order_id
Inferred PK for 'signals': signal_id
Inferred PK for 'material_requirements_plan': mrp_id
Inferred PK for 'on_hand_inventory': batch_id
Inferred PK for 'movements': movement_id

Verifying PK existence...
Table creation order: ['material_master', 'purchase_sku', 'regions', 'countries', 'customers', 'sla_profiles', 'sop_events', 'plants', 'lines', 'storage_nodes', 'bins', 'lsp_master_list', 'shipments', 'review_events', 'kpi_structure', 'changes', 'sales_sku', 'orders', 'forecasts', 'capacity_reservations', 'material_requirements_plan', 'production_plan', 'purchase_requisitions', 'production_runs', 'batches', 'on_hand_inventory', 'movements', 'lessons', 'order_line_items', 'exceptions', 'signals']
Creating table 'material_master'...
  -> Dropped 80 duplicate rows for PK 'sku_code' in 'material_master'.
  -> Inserted 73 rows into material_master.
Creating table 'purchase_sku'...
  -> Inserted 33 rows into purchase_sku.
Creating table 'regions'...
  -> Inserted 6 rows into regions.
Creating table 'countries'...
  -> Inserted 52 rows into countries.
Creating table 'customers'...
  -> Inserted 100 rows into customers.
Creating table 'sla_profiles'...
  -> Inserted 10 rows into sla_profiles.
Creating table 'sop_events'...
  -> Inserted 18 rows into sop_events.
Creating table 'plants'...
  -> Inserted 5 rows into plants.
Creating table 'lines'...
  -> Inserted 16 rows into lines.
Creating table 'storage_nodes'...
  -> Inserted 14 rows into storage_nodes.
Creating table 'bins'...
  -> Inserted 285 rows into bins.
Creating table 'lsp_master_list'...
  -> Inserted 40 rows into lsp_master_list.
Creating table 'shipments'...
  -> Inserted 220 rows into shipments.
Creating table 'review_events'...
  -> Inserted 8 rows into review_events.
Creating table 'kpi_structure'...
  -> Inserted 10 rows into kpi_structure.
Creating table 'changes'...
  -> Inserted 34 rows into changes.
Creating table 'sales_sku'...
  -> Dropped 78 duplicate rows for PK 'regulatory_set_id' in 'sales_sku'.
  -> Inserted 42 rows into sales_sku.
Creating table 'orders'...
  -> Inserted 180 rows into orders.
Creating table 'forecasts'...
  -> Inserted 48 rows into forecasts.
Creating table 'capacity_reservations'...
  -> Inserted 60 rows into capacity_reservations.
Creating table 'material_requirements_plan'...
  -> Inserted 150 rows into material_requirements_plan.
Creating table 'production_plan'...
  -> Dropped 1 rows with NULL PK 'production_plan_id' in 'production_plan'.
  -> Inserted 100 rows into production_plan.
Creating table 'purchase_requisitions'...
  -> Inserted 360 rows into purchase_requisitions.
Creating table 'production_runs'...
  -> Inserted 300 rows into production_runs.
Creating table 'batches'...
  -> Inserted 500 rows into batches.
Creating table 'on_hand_inventory'...
  -> Inserted 90 rows into on_hand_inventory.
Creating table 'movements'...
  -> Inserted 325 rows into movements.
Creating table 'lessons'...
  -> Inserted 15 rows into lessons.
Creating table 'order_line_items'...
  -> Dropped 36 duplicate rows for PK 'order_id' in 'order_line_items'.
  -> Inserted 180 rows into order_line_items.
Creating table 'exceptions'...
  -> Inserted 17 rows into exceptions.
Creating table 'signals'...
  -> Inserted 40 rows into signals.

Checking for foreign key violations...
Found 40 FK violations!
Violation: Table lsp_master_list row 1 references storage_nodes
Violation: Table lsp_master_list row 2 references storage_nodes
Violation: Table lsp_master_list row 3 references storage_nodes
Violation: Table lsp_master_list row 4 references storage_nodes
Violation: Table lsp_master_list row 5 references storage_nodes
Violation: Table lsp_master_list row 6 references storage_nodes
Violation: Table lsp_master_list row 7 references storage_nodes
Violation: Table lsp_master_list row 8 references storage_nodes
Violation: Table lsp_master_list row 9 references storage_nodes
Violation: Table lsp_master_list row 10 references storage_nodes

Conversion (with constraints) completed.
